Building DAG of jobs...
Using shell: /cvmfs/soft.computecanada.ca/gentoo/2023/x86-64-v3/usr/bin/bash
Provided cores: 4
Rules claiming more threads will be scaled down.
Provided resources: mem_mb=16000, mem_mib=15259, disk_mb=3134, disk_mib=2989
Select jobs to execute...

[Tue Feb 17 18:15:27 2026]
rule trimmomatic:
    input: data/1951f6-DL-8_10_S13_L007_R1_001.fastq.gz, data/1951f6-DL-8_10_S13_L007_R2_001.fastq.gz
    output: results/1951f6-DL-8_10_S13/trimmed/R1_paired.fq.gz, results/1951f6-DL-8_10_S13/trimmed/R1_unpaired.fq.gz, results/1951f6-DL-8_10_S13/trimmed/R2_paired.fq.gz, results/1951f6-DL-8_10_S13/trimmed/R2_unpaired.fq.gz
    jobid: 0
    reason: Missing output files: results/1951f6-DL-8_10_S13/trimmed/R1_unpaired.fq.gz, results/1951f6-DL-8_10_S13/trimmed/R1_paired.fq.gz, results/1951f6-DL-8_10_S13/trimmed/R2_unpaired.fq.gz, results/1951f6-DL-8_10_S13/trimmed/R2_paired.fq.gz
    wildcards: sample=1951f6-DL-8_10_S13
    threads: 4
    resources: mem_mb=16000, mem_mib=15259, disk_mb=3134, disk_mib=2989, tmpdir=/tmp, time=4:00:00

Activating environment modules: trimmomatic/0.39
The following modules were not unloaded:
  (Use "module --force purge" to unload all):

  1) CCconfig        6)  ucx/1.14.1         11) flexiblas/3.3.1
  2) gentoo/2023     7)  libfabric/1.18.0   12) imkl/2023.2.0
  3) gcccore/.12.3   8)  pmix/4.2.4         13) StdEnv/2023
  4) gcc/12.3        9)  ucc/1.2.0
  5) hwloc/2.9.1     10) openmpi/4.1.5
To execute Trimmomatic run: java -jar $EBROOTTRIMMOMATIC/trimmomatic-0.39.jar
Picked up JAVA_TOOL_OPTIONS: -Xmx2g
TrimmomaticPE: Started with arguments:
 -threads 4 -phred33 data/1951f6-DL-8_10_S13_L007_R1_001.fastq.gz data/1951f6-DL-8_10_S13_L007_R2_001.fastq.gz results/1951f6-DL-8_10_S13/trimmed/R1_paired.fq.gz results/1951f6-DL-8_10_S13/trimmed/R1_unpaired.fq.gz results/1951f6-DL-8_10_S13/trimmed/R2_paired.fq.gz results/1951f6-DL-8_10_S13/trimmed/R2_unpaired.fq.gz ILLUMINACLIP:/cvmfs/soft.computecanada.ca/easybuild/software/2023/x86-64-v3/Core/trimmomatic/0.39/adapters/TruSeq3-PE.fa:2:30:10 LEADING:3 TRAILING:3 SLIDINGWINDOW:4:15 MINLEN:36
Using PrefixPair: 'TACACTCTTTCCCTACACGACGCTCTTCCGATCT' and 'GTGACTGGAGTTCAGACGTGTGCTCTTCCGATCT'
ILLUMINACLIP: Using 1 prefix pairs, 0 forward/reverse sequences, 0 forward only sequences, 0 reverse only sequences
Input Read Pairs: 23542430 Both Surviving: 22962608 (97.54%) Forward Only Surviving: 296107 (1.26%) Reverse Only Surviving: 179255 (0.76%) Dropped: 104460 (0.44%)
TrimmomaticPE: Completed successfully
[Tue Feb 17 18:20:31 2026]
Finished job 0.
1 of 1 steps (100%) done
