Building DAG of jobs...
Using shell: /cvmfs/soft.computecanada.ca/gentoo/2023/x86-64-v3/usr/bin/bash
Provided cores: 8
Rules claiming more threads will be scaled down.
Provided resources: mem_mb=50000, mem_mib=47684, disk_mb=6267, disk_mib=5977
Select jobs to execute...

[Wed Feb 18 13:44:11 2026]
rule genome_generation:
    input: results/full_hybrid_fasta/hybrid_fasta.fa
    output: results/full_hybrid_genome_index
    jobid: 0
    reason: Missing output files: results/full_hybrid_genome_index
    threads: 8
    resources: mem_mb=50000, mem_mib=47684, disk_mb=6267, disk_mib=5977, tmpdir=/tmp, time=8:00:00

Activating environment modules: star/2.7.11b
The following modules were not unloaded:
  (Use "module --force purge" to unload all):

  1) CCconfig        6)  ucx/1.14.1         11) flexiblas/3.3.1
  2) gentoo/2023     7)  libfabric/1.18.0   12) imkl/2023.2.0
  3) gcccore/.12.3   8)  pmix/4.2.4         13) StdEnv/2023
  4) gcc/12.3        9)  ucc/1.2.0
  5) hwloc/2.9.1     10) openmpi/4.1.5
[Wed Feb 18 14:14:49 2026]
Finished job 0.
1 of 1 steps (100%) done
