Building DAG of jobs...
Using shell: /cvmfs/soft.computecanada.ca/gentoo/2023/x86-64-v3/usr/bin/bash
Provided cores: 8
Rules claiming more threads will be scaled down.
Provided resources: mem_mb=32000, mem_mib=30518, disk_mb=2484, disk_mib=2369
Select jobs to execute...

[Wed Feb 18 14:15:15 2026]
rule alignment:
    input: results/1951f6-DL-8_10_S13/trimmed/R1_paired.fq.gz, results/1951f6-DL-8_10_S13/trimmed/R2_paired.fq.gz, results/full_hybrid_genome_index
    output: results/1951f6-DL-8_10_S13/aligned/Aligned.sortedByCoord.out.bam, results/1951f6-DL-8_10_S13/aligned/Aligned.sortedByCoord.out.bam.bai
    jobid: 0
    reason: Missing output files: results/1951f6-DL-8_10_S13/aligned/Aligned.sortedByCoord.out.bam, results/1951f6-DL-8_10_S13/aligned/Aligned.sortedByCoord.out.bam.bai
    wildcards: sample=1951f6-DL-8_10_S13
    threads: 8
    resources: mem_mb=32000, mem_mib=30518, disk_mb=2484, disk_mib=2369, tmpdir=/tmp, time=8:00:00

Activating environment modules: star/2.7.11b, samtools/1.17
The following modules were not unloaded:
  (Use "module --force purge" to unload all):

  1) CCconfig        6)  ucx/1.14.1         11) flexiblas/3.3.1
  2) gentoo/2023     7)  libfabric/1.18.0   12) imkl/2023.2.0
  3) gcccore/.12.3   8)  pmix/4.2.4         13) StdEnv/2023
  4) gcc/12.3        9)  ucc/1.2.0
  5) hwloc/2.9.1     10) openmpi/4.1.5
Lmod has detected the following error: The following module(s) are unknown:
"samtools/1.17"

Please check the spelling or version number. Also try "module spider ..."
It is also possible your cache file is out-of-date; it may help to try:
  $ module --ignore_cache load "samtools/1.17"

Also make sure that all modulefiles written in TCL start with the string
#%Module



/cvmfs/soft.computecanada.ca/gentoo/2023/x86-64-v3/usr/bin/bash: line 2: STAR: command not found
[Wed Feb 18 14:15:18 2026]
Error in rule alignment:
    jobid: 0
    input: results/1951f6-DL-8_10_S13/trimmed/R1_paired.fq.gz, results/1951f6-DL-8_10_S13/trimmed/R2_paired.fq.gz, results/full_hybrid_genome_index
    output: results/1951f6-DL-8_10_S13/aligned/Aligned.sortedByCoord.out.bam, results/1951f6-DL-8_10_S13/aligned/Aligned.sortedByCoord.out.bam.bai
    shell:
        
        STAR --runMode alignReads              --runThreadN 8              --genomeDir results/full_hybrid_genome_index              --readFilesIn results/1951f6-DL-8_10_S13/trimmed/R1_paired.fq.gz results/1951f6-DL-8_10_S13/trimmed/R2_paired.fq.gz              --readFilesCommand zcat              --alignIntronMax 500000              --outSAMtype BAM SortedByCoordinate              --outFileNamePrefix results/1951f6-DL-8_10_S13/aligned/

        samtools index results/1951f6-DL-8_10_S13/aligned/Aligned.sortedByCoord.out.bam
        
        (one of the commands exited with non-zero exit code; note that snakemake uses bash strict mode!)

Shutting down, this might take some time.
Exiting because a job execution failed. Look above for error message
