Building DAG of jobs...
Using shell: /cvmfs/soft.computecanada.ca/gentoo/2023/x86-64-v3/usr/bin/bash
Provided cores: 8
Rules claiming more threads will be scaled down.
Provided resources: mem_mb=16000, mem_mib=15259, disk_mb=2386, disk_mib=2276
Select jobs to execute...

[Wed Feb 18 15:32:25 2026]
rule create_bigwig:
    input: results/1951f6-DL-8_10_S13/aligned/Aligned.sortedByCoord.out.bam, results/1951f6-DL-8_10_S13/aligned/Aligned.sortedByCoord.out.bam.bai
    output: results/1951f6-DL-8_10_S13/bigwig/1951f6-DL-8_10_S13_forward.bw, results/1951f6-DL-8_10_S13/bigwig/1951f6-DL-8_10_S13_reverse.bw
    jobid: 0
    reason: Missing output files: results/1951f6-DL-8_10_S13/bigwig/1951f6-DL-8_10_S13_forward.bw, results/1951f6-DL-8_10_S13/bigwig/1951f6-DL-8_10_S13_reverse.bw
    wildcards: sample=1951f6-DL-8_10_S13
    threads: 8
    resources: mem_mb=16000, mem_mib=15259, disk_mb=2386, disk_mib=2276, tmpdir=/tmp, time=4:00:00

Activating environment modules: python/3.11.5
The following modules were not unloaded:
  (Use "module --force purge" to unload all):

  1) CCconfig        6)  ucx/1.14.1         11) flexiblas/3.3.1
  2) gentoo/2023     7)  libfabric/1.18.0   12) imkl/2023.2.0
  3) gcccore/.12.3   8)  pmix/4.2.4         13) StdEnv/2023
  4) gcc/12.3        9)  ucc/1.2.0
  5) hwloc/2.9.1     10) openmpi/4.1.5
normalization: CPM
bamFilesList: ['results/1951f6-DL-8_10_S13/aligned/Aligned.sortedByCoord.out.bam']
binLength: 1
numberOfSamples: None
blackListFileName: None
skipZeroOverZero: False
bed_and_bin: False
genomeChunkSize: None
defaultFragmentLength: read length
numberOfProcessors: 8
verbose: False
region: None
bedFile: None
minMappingQuality: None
ignoreDuplicates: False
chrsToSkip: []
stepSize: 1
center_read: False
samFlag_include: None
samFlag_exclude: None
minFragmentLength: 0
maxFragmentLength: 0
zerosToNans: False
smoothLength: None
save_data: False
out_file_for_raw_data: None
maxPairedFragmentLength: 1000
filter_strand: reverse
Offset: [1, -1]
normalization: CPM
bamFilesList: ['results/1951f6-DL-8_10_S13/aligned/Aligned.sortedByCoord.out.bam']
binLength: 1
numberOfSamples: None
blackListFileName: None
skipZeroOverZero: False
bed_and_bin: False
genomeChunkSize: None
defaultFragmentLength: read length
numberOfProcessors: 8
verbose: False
region: None
bedFile: None
minMappingQuality: None
ignoreDuplicates: False
chrsToSkip: []
stepSize: 1
center_read: False
samFlag_include: None
samFlag_exclude: None
minFragmentLength: 0
maxFragmentLength: 0
zerosToNans: False
smoothLength: None
save_data: False
out_file_for_raw_data: None
maxPairedFragmentLength: 1000
filter_strand: forward
Offset: [1, -1]
[Wed Feb 18 15:43:25 2026]
Finished job 0.
1 of 1 steps (100%) done
