Building DAG of jobs...
Using shell: /cvmfs/soft.computecanada.ca/gentoo/2023/x86-64-v3/usr/bin/bash
Provided cores: 8
Rules claiming more threads will be scaled down.
Provided resources: mem_mb=50000, mem_mib=47684, disk_mb=1000, disk_mib=954
Select jobs to execute...

[Wed Feb 18 16:18:33 2026]
rule genome_generation2:
    input: results/1951f6-DL-8_10_S13/yac/hybrid_fasta.fa
    output: results/1951f6-DL-8_10_S13/yac/yac_genome_index
    jobid: 0
    reason: Missing output files: results/1951f6-DL-8_10_S13/yac/yac_genome_index
    wildcards: sample=1951f6-DL-8_10_S13
    threads: 8
    resources: mem_mb=50000, mem_mib=47684, disk_mb=1000, disk_mib=954, tmpdir=/tmp, time=8:00:00

Activating environment modules: star/2.7.11b
The following modules were not unloaded:
  (Use "module --force purge" to unload all):

  1) CCconfig        6)  ucx/1.14.1         11) flexiblas/3.3.1
  2) gentoo/2023     7)  libfabric/1.18.0   12) imkl/2023.2.0
  3) gcccore/.12.3   8)  pmix/4.2.4         13) StdEnv/2023
  4) gcc/12.3        9)  ucc/1.2.0
  5) hwloc/2.9.1     10) openmpi/4.1.5
!!!!! WARNING: --genomeSAindexNbases 14 is too large for the genome size=12906609, which may cause seg-fault at the mapping step. Re-run genome generation with recommended --genomeSAindexNbases 10
[Wed Feb 18 16:18:53 2026]
Finished job 0.
1 of 1 steps (100%) done
