Building DAG of jobs...
Using shell: /cvmfs/soft.computecanada.ca/gentoo/2023/x86-64-v3/usr/bin/bash
Provided cores: 1 (use --cores to define parallelism)
Rules claiming more threads will be scaled down.
Provided resources: mem_mb=16000, mem_mib=15259, disk_mb=6267, disk_mib=5977
Select jobs to execute...

[Wed Feb 18 16:46:17 2026]
rule concat2:
    input: data/hg38.fa, data/sacCer3.fa, results/1951f6-DL-8_10_S13/yac/yac_region.bed
    output: results/1951f6-DL-8_10_S13/yac/hybrid_fasta.fa
    jobid: 0
    reason: Missing output files: results/1951f6-DL-8_10_S13/yac/hybrid_fasta.fa
    wildcards: sample=1951f6-DL-8_10_S13
    resources: mem_mb=16000, mem_mib=15259, disk_mb=6267, disk_mib=5977, tmpdir=/tmp, time=1:00:00

Activating environment modules: samtools/1.18
The following modules were not unloaded:
  (Use "module --force purge" to unload all):

  1) CCconfig        6)  ucx/1.14.1         11) flexiblas/3.3.1
  2) gentoo/2023     7)  libfabric/1.18.0   12) imkl/2023.2.0
  3) gcccore/.12.3   8)  pmix/4.2.4         13) StdEnv/2023
  4) gcc/12.3        9)  ucc/1.2.0
  5) hwloc/2.9.1     10) openmpi/4.1.5
/cvmfs/soft.computecanada.ca/gentoo/2023/x86-64-v3/usr/bin/bash: line 7: bedtools: command not found
[Wed Feb 18 16:46:20 2026]
Error in rule concat2:
    jobid: 0
    input: data/hg38.fa, data/sacCer3.fa, results/1951f6-DL-8_10_S13/yac/yac_region.bed
    output: results/1951f6-DL-8_10_S13/yac/hybrid_fasta.fa
    shell:
        
        TOP_CHR=$(awk '{print $1}' results/1951f6-DL-8_10_S13/yac/yac_region.bed)
        START=$(awk '{print $2}' results/1951f6-DL-8_10_S13/yac/yac_region.bed)
        END=$(awk '{print $3}' results/1951f6-DL-8_10_S13/yac/yac_region.bed)


        bedtools complement -i results/1951f6-DL-8_10_S13/yac/yac_region.bed -g human.genome > masked_region.bed
        bedtools maskfasta -fi data/hg38.fa -bed masked_region.bed -fo human_chr1_masked.fa
        rm masked_region.bed
        cat data/sacCer3.fa human_chr1_masked.fa > results/1951f6-DL-8_10_S13/yac/hybrid_fasta.fa

        samtools faidx results/1951f6-DL-8_10_S13/yac/hybrid_fasta.fa
        
        (one of the commands exited with non-zero exit code; note that snakemake uses bash strict mode!)

Shutting down, this might take some time.
Exiting because a job execution failed. Look above for error message
