Building DAG of jobs...
Using shell: /cvmfs/soft.computecanada.ca/gentoo/2023/x86-64-v3/usr/bin/bash
Provided cores: 8
Rules claiming more threads will be scaled down.
Provided resources: mem_mb=32000, mem_mib=30518, disk_mb=2484, disk_mib=2369
Select jobs to execute...

[Wed Feb 18 17:07:57 2026]
rule alignment2:
    input: results/1951f6-DL-8_10_S13/trimmed/R1_paired.fq.gz, results/1951f6-DL-8_10_S13/trimmed/R2_paired.fq.gz, results/1951f6-DL-8_10_S13/yac/yac_genome_index
    output: results/1951f6-DL-8_10_S13/yac_alignment/Aligned.sortedByCoord.out.bam, results/1951f6-DL-8_10_S13/yac_alignment/Aligned.sortedByCoord.out.bam.bai
    jobid: 0
    reason: Missing output files: results/1951f6-DL-8_10_S13/yac_alignment/Aligned.sortedByCoord.out.bam, results/1951f6-DL-8_10_S13/yac_alignment/Aligned.sortedByCoord.out.bam.bai
    wildcards: sample=1951f6-DL-8_10_S13
    threads: 8
    resources: mem_mb=32000, mem_mib=30518, disk_mb=2484, disk_mib=2369, tmpdir=/tmp, time=8:00:00

Activating environment modules: star/2.7.11b, samtools/1.18
The following modules were not unloaded:
  (Use "module --force purge" to unload all):

  1) CCconfig        6)  ucx/1.14.1         11) flexiblas/3.3.1
  2) gentoo/2023     7)  libfabric/1.18.0   12) imkl/2023.2.0
  3) gcccore/.12.3   8)  pmix/4.2.4         13) StdEnv/2023
  4) gcc/12.3        9)  ucc/1.2.0
  5) hwloc/2.9.1     10) openmpi/4.1.5
[Wed Feb 18 17:13:14 2026]
Finished job 0.
1 of 1 steps (100%) done
