Building DAG of jobs...
Using shell: /cvmfs/soft.computecanada.ca/gentoo/2023/x86-64-v3/usr/bin/bash
Provided cores: 1 (use --cores to define parallelism)
Rules claiming more threads will be scaled down.
Provided resources: mem_mb=16000, mem_mib=15259, disk_mb=6267, disk_mib=5977
Select jobs to execute...

[Wed Feb 18 17:01:42 2026]
rule concat2:
    input: data/hg38.fa, data/sacCer3.fa, results/1951f6-DL-8_10_S13/yac/yac_region.bed
    output: results/1951f6-DL-8_10_S13/yac/hybrid_fasta.fa
    jobid: 0
    reason: Missing output files: results/1951f6-DL-8_10_S13/yac/hybrid_fasta.fa
    wildcards: sample=1951f6-DL-8_10_S13
    resources: mem_mb=16000, mem_mib=15259, disk_mb=6267, disk_mib=5977, tmpdir=/tmp, time=00:15:00

Activating environment modules: samtools/1.18, bedtools/2.31.0
The following modules were not unloaded:
  (Use "module --force purge" to unload all):

  1) CCconfig        6)  ucx/1.14.1         11) flexiblas/3.3.1
  2) gentoo/2023     7)  libfabric/1.18.0   12) imkl/2023.2.0
  3) gcccore/.12.3   8)  pmix/4.2.4         13) StdEnv/2023
  4) gcc/12.3        9)  ucc/1.2.0
  5) hwloc/2.9.1     10) openmpi/4.1.5
[Wed Feb 18 17:02:02 2026]
Finished job 0.
1 of 1 steps (100%) done
