Building DAG of jobs...
Using shell: /cvmfs/soft.computecanada.ca/gentoo/2023/x86-64-v3/usr/bin/bash
Provided cores: 1 (use --cores to define parallelism)
Rules claiming more threads will be scaled down.
Provided resources: mem_mb=4000, mem_mib=3815, disk_mb=1000, disk_mib=954
Select jobs to execute...

[Wed Feb 18 18:31:33 2026]
rule yac_numpy:
    input: results/1951f6-DL-8_10_S13/yac_alignment/1951f6-DL-8_10_S13_forward.bw, results/1951f6-DL-8_10_S13/yac_alignment/1951f6-DL-8_10_S13_reverse.bw, results/1951f6-DL-8_10_S13/yac/yac_region.bed
    output: results/1951f6-DL-8_10_S13/yac_alignment/yac_sample_1_fwd.npy, results/1951f6-DL-8_10_S13/yac_alignment/yac_sample_1_rev.npy
    jobid: 0
    reason: Missing output files: results/1951f6-DL-8_10_S13/yac_alignment/yac_sample_1_rev.npy, results/1951f6-DL-8_10_S13/yac_alignment/yac_sample_1_fwd.npy
    wildcards: sample=1951f6-DL-8_10_S13
    resources: mem_mb=4000, mem_mib=3815, disk_mb=1000, disk_mib=954, tmpdir=/tmp, time=00:30:00

Activating environment modules: python/3.11.5
The following modules were not unloaded:
  (Use "module --force purge" to unload all):

  1) CCconfig        6)  ucx/1.14.1         11) flexiblas/3.3.1
  2) gentoo/2023     7)  libfabric/1.18.0   12) imkl/2023.2.0
  3) gcccore/.12.3   8)  pmix/4.2.4         13) StdEnv/2023
  4) gcc/12.3        9)  ucc/1.2.0
  5) hwloc/2.9.1     10) openmpi/4.1.5
[Wed Feb 18 18:31:45 2026]
Finished job 0.
1 of 1 steps (100%) done
