Assuming unrestricted shared filesystem usage.
host: login01
Building DAG of jobs...
Using shell: /usr/bin/bash
Provided cores: 1 (use --cores to define parallelism)
Rules claiming more threads will be scaled down.
Job stats:
job        count
-------  -------
concat1        1
total          1

Select jobs to execute...
Execute 1 jobs...
[Tue Feb 17 13:28:22 2026]
localrule concat1:
    input: data/hg38.fa, data/sacCer3.fa
    output: results/full_hybrid_fasta/hybrid_fasta.fa
    jobid: 0
    reason: Missing output files: results/full_hybrid_fasta/hybrid_fasta.fa
    resources: tmpdir=/tmp, time=1:00:00, mem_mb=16000, mem=16 GB, mem_mib=15259
[Tue Feb 17 13:28:22 2026]
Finished jobid: 0 (Rule: concat1)
1 of 1 steps (100%) done
Complete log(s): /scratch/st-cdeboer-1/lausing/rna_seq_pipeline/.snakemake/log/2026-02-17T132822.009277.snakemake.log
