Assuming unrestricted shared filesystem usage.
host: login02
Building DAG of jobs...
Using shell: /usr/bin/bash
Provided cores: 4
Rules claiming more threads will be scaled down.
Job stats:
job            count
-----------  -------
trimmomatic        1
total              1

Select jobs to execute...
Execute 1 jobs...
[Fri Feb 13 13:35:55 2026]
localrule trimmomatic:
    input: data/1951f6-DL-8_10_S13_L007_R1_001.fastq.gz, data/1951f6-DL-8_10_S13_L007_R2_001.fastq.gz
    output: results/1951f6-DL-8_10_S13/trimmed/R1_paired.fq.gz, results/1951f6-DL-8_10_S13/trimmed/R1_unpaired.fq.gz, results/1951f6-DL-8_10_S13/trimmed/R2_paired.fq.gz, results/1951f6-DL-8_10_S13/trimmed/R2_unpaired.fq.gz
    jobid: 0
    reason: Missing output files: results/1951f6-DL-8_10_S13/trimmed/R1_paired.fq.gz
    wildcards: sample=1951f6-DL-8_10_S13
    threads: 4
    resources: tmpdir=/tmp, time=4:00:00, mem_mb=16000, mem=16 GB, mem_mib=15259
Activating environment modules: trimmomatic/0.39
RuleException:
CalledProcessError in file "/scratch/st-cdeboer-1/lausing/rna_seq_pipeline/workflow/rules/trimmomatic.smk", line 17:
Command 'module purge && MODULES_VERBOSITY=concise module load trimmomatic/0.39; set -euo pipefail;  
        java -jar $EBROOTTRIMMOMATIC/trimmomatic-0.39.jar PE         -threads 4         -phred33         data/1951f6-DL-8_10_S13_L007_R1_001.fastq.gz data/1951f6-DL-8_10_S13_L007_R2_001.fastq.gz         results/1951f6-DL-8_10_S13/trimmed/R1_paired.fq.gz results/1951f6-DL-8_10_S13/trimmed/R1_unpaired.fq.gz         results/1951f6-DL-8_10_S13/trimmed/R2_paired.fq.gz results/1951f6-DL-8_10_S13/trimmed/R2_unpaired.fq.gz         ILLUMINACLIP:$EBROOTTRIMMOMATIC/adapters/TruSeq3-PE.fa:2:30:10         LEADING:3 TRAILING:3 SLIDINGWINDOW:4:15 MINLEN:36' returned non-zero exit status 1.
[Fri Feb 13 13:35:57 2026]
Error in rule trimmomatic:
    message: None
    jobid: 0
    input: data/1951f6-DL-8_10_S13_L007_R1_001.fastq.gz, data/1951f6-DL-8_10_S13_L007_R2_001.fastq.gz
    output: results/1951f6-DL-8_10_S13/trimmed/R1_paired.fq.gz, results/1951f6-DL-8_10_S13/trimmed/R1_unpaired.fq.gz, results/1951f6-DL-8_10_S13/trimmed/R2_paired.fq.gz, results/1951f6-DL-8_10_S13/trimmed/R2_unpaired.fq.gz
    shell:
        
        java -jar $EBROOTTRIMMOMATIC/trimmomatic-0.39.jar PE         -threads 4         -phred33         data/1951f6-DL-8_10_S13_L007_R1_001.fastq.gz data/1951f6-DL-8_10_S13_L007_R2_001.fastq.gz         results/1951f6-DL-8_10_S13/trimmed/R1_paired.fq.gz results/1951f6-DL-8_10_S13/trimmed/R1_unpaired.fq.gz         results/1951f6-DL-8_10_S13/trimmed/R2_paired.fq.gz results/1951f6-DL-8_10_S13/trimmed/R2_unpaired.fq.gz         ILLUMINACLIP:$EBROOTTRIMMOMATIC/adapters/TruSeq3-PE.fa:2:30:10         LEADING:3 TRAILING:3 SLIDINGWINDOW:4:15 MINLEN:36
        
        (command exited with non-zero exit code)
Shutting down, this might take some time.
Exiting because a job execution failed. Look below for error messages
[Fri Feb 13 13:35:57 2026]
Error in rule trimmomatic:
    message: None
    jobid: 0
    input: data/1951f6-DL-8_10_S13_L007_R1_001.fastq.gz, data/1951f6-DL-8_10_S13_L007_R2_001.fastq.gz
    output: results/1951f6-DL-8_10_S13/trimmed/R1_paired.fq.gz, results/1951f6-DL-8_10_S13/trimmed/R1_unpaired.fq.gz, results/1951f6-DL-8_10_S13/trimmed/R2_paired.fq.gz, results/1951f6-DL-8_10_S13/trimmed/R2_unpaired.fq.gz
    shell:
        
        java -jar $EBROOTTRIMMOMATIC/trimmomatic-0.39.jar PE         -threads 4         -phred33         data/1951f6-DL-8_10_S13_L007_R1_001.fastq.gz data/1951f6-DL-8_10_S13_L007_R2_001.fastq.gz         results/1951f6-DL-8_10_S13/trimmed/R1_paired.fq.gz results/1951f6-DL-8_10_S13/trimmed/R1_unpaired.fq.gz         results/1951f6-DL-8_10_S13/trimmed/R2_paired.fq.gz results/1951f6-DL-8_10_S13/trimmed/R2_unpaired.fq.gz         ILLUMINACLIP:$EBROOTTRIMMOMATIC/adapters/TruSeq3-PE.fa:2:30:10         LEADING:3 TRAILING:3 SLIDINGWINDOW:4:15 MINLEN:36
        
        (command exited with non-zero exit code)
Complete log(s): /scratch/st-cdeboer-1/lausing/rna_seq_pipeline/.snakemake/log/2026-02-13T133514.570473.snakemake.log
WorkflowError:
At least one job did not complete successfully.
